This is pdfTeX, Version 3.14159265-2.6-1.40.19 (TeX Live 2018) (preloaded format=pdflatex 2018.8.29)  13 SEP 2018 23:10
entering extended mode
 restricted \write18 enabled.
 file:line:error style messages enabled.
 %&-line parsing enabled.
**resume_chinese.tex
(./resume_chinese.tex
LaTeX2e <2018-04-01> patch level 2
Babel <3.18> and hyphenation patterns for 84 language(s) loaded.
(/usr/local/texlive/2018/texmf-dist/tex/latex/base/article.cls
Document Class: article 2014/09/29 v1.4h Standard LaTeX document class
(/usr/local/texlive/2018/texmf-dist/tex/latex/base/size12.clo
File: size12.clo 2014/09/29 v1.4h Standard LaTeX file (size option)
)
\c@part=\count80
\c@section=\count81
\c@subsection=\count82
\c@subsubsection=\count83
\c@paragraph=\count84
\c@subparagraph=\count85
\c@figure=\count86
\c@table=\count87
\abovecaptionskip=\skip41
\belowcaptionskip=\skip42
\bibindent=\dimen102
)
(/usr/local/texlive/2018/texmf-dist/tex/latex/graphics/graphicx.sty
Package: graphicx 2017/06/01 v1.1a Enhanced LaTeX Graphics (DPC,SPQR)

(/usr/local/texlive/2018/texmf-dist/tex/latex/graphics/keyval.sty
Package: keyval 2014/10/28 v1.15 key=value parser (DPC)
\KV@toks@=\toks14
)
(/usr/local/texlive/2018/texmf-dist/tex/latex/graphics/graphics.sty
Package: graphics 2017/06/25 v1.2c Standard LaTeX Graphics (DPC,SPQR)

(/usr/local/texlive/2018/texmf-dist/tex/latex/graphics/trig.sty
Package: trig 2016/01/03 v1.10 sin cos tan (DPC)
)
(/usr/local/texlive/2018/texmf-dist/tex/latex/graphics-cfg/graphics.cfg
File: graphics.cfg 2016/06/04 v1.11 sample graphics configuration
)
Package graphics Info: Driver file: pdftex.def on input line 99.

(/usr/local/texlive/2018/texmf-dist/tex/latex/graphics-def/pdftex.def
File: pdftex.def 2018/01/08 v1.0l Graphics/color driver for pdftex
))
\Gin@req@height=\dimen103
\Gin@req@width=\dimen104
)
(/usr/local/texlive/2018/texmf-dist/tex/latex/cjk/texinput/CJK.sty
Package: CJK 2015/04/18 4.8.4

(/usr/local/texlive/2018/texmf-dist/tex/latex/cjk/texinput/mule/MULEenc.sty
Package: MULEenc 2015/04/18 4.8.4
)
(/usr/local/texlive/2018/texmf-dist/tex/latex/cjk/texinput/CJK.enc
File: CJK.enc 2015/04/18 4.8.4
Now handling font encoding C00 ...
... no UTF-8 mapping file for font encoding C00
Now handling font encoding C05 ...
... no UTF-8 mapping file for font encoding C05
Now handling font encoding C09 ...
... no UTF-8 mapping file for font encoding C09
Now handling font encoding C10 ...
... no UTF-8 mapping file for font encoding C10
Now handling font encoding C20 ...
... no UTF-8 mapping file for font encoding C20
Now handling font encoding C19 ...
... no UTF-8 mapping file for font encoding C19
Now handling font encoding C40 ...
... no UTF-8 mapping file for font encoding C40
Now handling font encoding C42 ...
... no UTF-8 mapping file for font encoding C42
Now handling font encoding C43 ...
... no UTF-8 mapping file for font encoding C43
Now handling font encoding C50 ...
... no UTF-8 mapping file for font encoding C50
Now handling font encoding C52 ...
... no UTF-8 mapping file for font encoding C52
Now handling font encoding C49 ...
... no UTF-8 mapping file for font encoding C49
Now handling font encoding C60 ...
... no UTF-8 mapping file for font encoding C60
Now handling font encoding C61 ...
... no UTF-8 mapping file for font encoding C61
Now handling font encoding C63 ...
... no UTF-8 mapping file for font encoding C63
Now handling font encoding C64 ...
... no UTF-8 mapping file for font encoding C64
Now handling font encoding C65 ...
... no UTF-8 mapping file for font encoding C65
Now handling font encoding C70 ...
... no UTF-8 mapping file for font encoding C70
Now handling font encoding C31 ...
... no UTF-8 mapping file for font encoding C31
Now handling font encoding C32 ...
... no UTF-8 mapping file for font encoding C32
Now handling font encoding C33 ...
... no UTF-8 mapping file for font encoding C33
Now handling font encoding C34 ...
... no UTF-8 mapping file for font encoding C34
Now handling font encoding C35 ...
... no UTF-8 mapping file for font encoding C35
Now handling font encoding C36 ...
... no UTF-8 mapping file for font encoding C36
Now handling font encoding C37 ...
... no UTF-8 mapping file for font encoding C37
Now handling font encoding C80 ...
... no UTF-8 mapping file for font encoding C80
Now handling font encoding C81 ...
... no UTF-8 mapping file for font encoding C81
Now handling font encoding C01 ...
... no UTF-8 mapping file for font encoding C01
Now handling font encoding C11 ...
... no UTF-8 mapping file for font encoding C11
Now handling font encoding C21 ...
... no UTF-8 mapping file for font encoding C21
Now handling font encoding C41 ...
... no UTF-8 mapping file for font encoding C41
Now handling font encoding C62 ...
... no UTF-8 mapping file for font encoding C62
)
LaTeX Info: Redefining \selectfont on input line 755.
\CJK@indent=\box26
)
(/usr/local/texlive/2018/texmf-dist/tex/latex/cjk/texinput/UTF8/UTF8.bdg
File: UTF8.bdg 2015/04/18 4.8.4
)
(/usr/local/texlive/2018/texmf-dist/tex/latex/cjk/texinput/UTF8/UTF8.enc
File: UTF8.enc 2015/04/18 4.8.4
)
(/usr/local/texlive/2018/texmf-dist/tex/latex/cjk/texinput/UTF8/UTF8.chr
File: UTF8.chr 2015/04/18 4.8.4
)
(./resume_chinese.aux)
\openout1 = `resume_chinese.aux'.

LaTeX Font Info:    Checking defaults for OML/cmm/m/it on input line 13.
LaTeX Font Info:    ... okay on input line 13.
LaTeX Font Info:    Checking defaults for T1/cmr/m/n on input line 13.
LaTeX Font Info:    ... okay on input line 13.
LaTeX Font Info:    Checking defaults for OT1/cmr/m/n on input line 13.
LaTeX Font Info:    ... okay on input line 13.
LaTeX Font Info:    Checking defaults for OMS/cmsy/m/n on input line 13.
LaTeX Font Info:    ... okay on input line 13.
LaTeX Font Info:    Checking defaults for OMX/cmex/m/n on input line 13.
LaTeX Font Info:    ... okay on input line 13.
LaTeX Font Info:    Checking defaults for U/cmr/m/n on input line 13.
LaTeX Font Info:    ... okay on input line 13.
LaTeX Font Info:    Checking defaults for C00/song/m/n on input line 13.
LaTeX Font Info:    ... okay on input line 13.
LaTeX Font Info:    Checking defaults for C05/song/m/n on input line 13.
LaTeX Font Info:    ... okay on input line 13.
LaTeX Font Info:    Checking defaults for C09/song/m/n on input line 13.
LaTeX Font Info:    ... okay on input line 13.
LaTeX Font Info:    Checking defaults for C10/song/m/n on input line 13.
LaTeX Font Info:    ... okay on input line 13.
LaTeX Font Info:    Checking defaults for C20/song/m/n on input line 13.
LaTeX Font Info:    ... okay on input line 13.
LaTeX Font Info:    Checking defaults for C19/song/m/n on input line 13.
LaTeX Font Info:    ... okay on input line 13.
LaTeX Font Info:    Checking defaults for C40/song/m/n on input line 13.
LaTeX Font Info:    ... okay on input line 13.
LaTeX Font Info:    Checking defaults for C42/song/m/n on input line 13.
LaTeX Font Info:    ... okay on input line 13.
LaTeX Font Info:    Checking defaults for C43/song/m/n on input line 13.
LaTeX Font Info:    ... okay on input line 13.
LaTeX Font Info:    Checking defaults for C50/song/m/n on input line 13.
LaTeX Font Info:    ... okay on input line 13.
LaTeX Font Info:    Checking defaults for C52/song/m/n on input line 13.
LaTeX Font Info:    ... okay on input line 13.
LaTeX Font Info:    Checking defaults for C49/song/m/n on input line 13.
LaTeX Font Info:    ... okay on input line 13.
LaTeX Font Info:    Checking defaults for C60/mj/m/n on input line 13.
LaTeX Font Info:    ... okay on input line 13.
LaTeX Font Info:    Checking defaults for C61/mj/m/n on input line 13.
LaTeX Font Info:    ... okay on input line 13.
LaTeX Font Info:    Checking defaults for C63/mj/m/n on input line 13.
LaTeX Font Info:    ... okay on input line 13.
LaTeX Font Info:    Checking defaults for C64/mj/m/n on input line 13.
LaTeX Font Info:    ... okay on input line 13.
LaTeX Font Info:    Checking defaults for C65/mj/m/n on input line 13.
LaTeX Font Info:    ... okay on input line 13.
LaTeX Font Info:    Checking defaults for C70/song/m/n on input line 13.
LaTeX Font Info:    ... okay on input line 13.
LaTeX Font Info:    Checking defaults for C31/song/m/n on input line 13.
LaTeX Font Info:    ... okay on input line 13.
LaTeX Font Info:    Checking defaults for C32/song/m/n on input line 13.
LaTeX Font Info:    ... okay on input line 13.
LaTeX Font Info:    Checking defaults for C33/song/m/n on input line 13.
LaTeX Font Info:    ... okay on input line 13.
LaTeX Font Info:    Checking defaults for C34/song/m/n on input line 13.
LaTeX Font Info:    ... okay on input line 13.
LaTeX Font Info:    Checking defaults for C35/song/m/n on input line 13.
LaTeX Font Info:    ... okay on input line 13.
LaTeX Font Info:    Checking defaults for C36/song/m/n on input line 13.
LaTeX Font Info:    ... okay on input line 13.
LaTeX Font Info:    Checking defaults for C37/song/m/n on input line 13.
LaTeX Font Info:    ... okay on input line 13.
LaTeX Font Info:    Checking defaults for C80/song/m/n on input line 13.
LaTeX Font Info:    ... okay on input line 13.
LaTeX Font Info:    Checking defaults for C81/song/m/n on input line 13.
LaTeX Font Info:    ... okay on input line 13.
LaTeX Font Info:    Checking defaults for C01/song/m/n on input line 13.
LaTeX Font Info:    ... okay on input line 13.
LaTeX Font Info:    Checking defaults for C11/song/m/n on input line 13.
LaTeX Font Info:    ... okay on input line 13.
LaTeX Font Info:    Checking defaults for C21/song/m/n on input line 13.
LaTeX Font Info:    ... okay on input line 13.
LaTeX Font Info:    Checking defaults for C41/song/m/n on input line 13.
LaTeX Font Info:    ... okay on input line 13.
LaTeX Font Info:    Checking defaults for C62/song/m/n on input line 13.
LaTeX Font Info:    ... okay on input line 13.

(/usr/local/texlive/2018/texmf-dist/tex/context/base/mkii/supp-pdf.mkii
[Loading MPS to PDF converter (version 2006.09.02).]
\scratchcounter=\count88
\scratchdimen=\dimen105
\scratchbox=\box27
\nofMPsegments=\count89
\nofMParguments=\count90
\everyMPshowfont=\toks15
\MPscratchCnt=\count91
\MPscratchDim=\dimen106
\MPnumerator=\count92
\makeMPintoPDFobject=\count93
\everyMPtoPDFconversion=\toks16
) (/usr/local/texlive/2018/texmf-dist/tex/latex/oberdiek/epstopdf-base.sty
Package: epstopdf-base 2016/05/15 v2.6 Base part for package epstopdf

(/usr/local/texlive/2018/texmf-dist/tex/generic/oberdiek/infwarerr.sty
Package: infwarerr 2016/05/16 v1.4 Providing info/warning/error messages (HO)
)
(/usr/local/texlive/2018/texmf-dist/tex/latex/oberdiek/grfext.sty
Package: grfext 2016/05/16 v1.2 Manage graphics extensions (HO)

(/usr/local/texlive/2018/texmf-dist/tex/generic/oberdiek/kvdefinekeys.sty
Package: kvdefinekeys 2016/05/16 v1.4 Define keys (HO)

(/usr/local/texlive/2018/texmf-dist/tex/generic/oberdiek/ltxcmds.sty
Package: ltxcmds 2016/05/16 v1.23 LaTeX kernel commands for general use (HO)
)))
(/usr/local/texlive/2018/texmf-dist/tex/latex/oberdiek/kvoptions.sty
Package: kvoptions 2016/05/16 v3.12 Key value format for package options (HO)

(/usr/local/texlive/2018/texmf-dist/tex/generic/oberdiek/kvsetkeys.sty
Package: kvsetkeys 2016/05/16 v1.17 Key value parser (HO)

(/usr/local/texlive/2018/texmf-dist/tex/generic/oberdiek/etexcmds.sty
Package: etexcmds 2016/05/16 v1.6 Avoid name clashes with e-TeX commands (HO)

(/usr/local/texlive/2018/texmf-dist/tex/generic/oberdiek/ifluatex.sty
Package: ifluatex 2016/05/16 v1.4 Provides the ifluatex switch (HO)
Package ifluatex Info: LuaTeX not detected.
)
Package etexcmds Info: Could not find \expanded.
(etexcmds)             That can mean that you are not using pdfTeX 1.50 or
(etexcmds)             that some package has redefined \expanded.
(etexcmds)             In the latter case, load this package earlier.
)))
(/usr/local/texlive/2018/texmf-dist/tex/generic/oberdiek/pdftexcmds.sty
Package: pdftexcmds 2018/01/30 v0.27 Utility functions of pdfTeX for LuaTeX (HO
)

(/usr/local/texlive/2018/texmf-dist/tex/generic/oberdiek/ifpdf.sty
Package: ifpdf 2017/03/15 v3.2 Provides the ifpdf switch
)
Package pdftexcmds Info: LuaTeX not detected.
Package pdftexcmds Info: \pdf@primitive is available.
Package pdftexcmds Info: \pdf@ifprimitive is available.
Package pdftexcmds Info: \pdfdraftmode found.
)
Package epstopdf-base Info: Redefining graphics rule for `.eps' on input line 4
38.
Package grfext Info: Graphics extension search list:
(grfext)             [.pdf,.png,.jpg,.mps,.jpeg,.jbig2,.jb2,.PDF,.PNG,.JPG,.JPE
G,.JBIG2,.JB2,.eps]
(grfext)             \AppendGraphicsExtensions on input line 456.

(/usr/local/texlive/2018/texmf-dist/tex/latex/latexconfig/epstopdf-sys.cfg
File: epstopdf-sys.cfg 2010/07/13 v1.3 Configuration of (r)epstopdf for TeX Liv
e
))
(/usr/local/texlive/2018/texmf-dist/tex/latex/cjk/texinput/UTF8/UTF8.enc
File: UTF8.enc 2015/04/18 4.8.4
)
(/usr/local/texlive/2018/texmf-dist/tex/latex/cjk/texinput/UTF8/UTF8.chr
File: UTF8.chr 2015/04/18 4.8.4
)
LaTeX Font Info:    Try loading font information for C70+gbsn on input line 16.


(/usr/local/texlive/2018/texmf-dist/tex/latex/cjk/texinput/UTF8/c70gbsn.fd
File: c70gbsn.fd 2015/04/18 4.8.4
)
(/usr/local/texlive/2018/texmf-dist/tex/latex/cjk/texinput/UTF8/c70gbsn.fdx
File: c70gbsn.fdx 2015/04/18 4.8.4
)
LaTeX Font Info:    External font `cmex10' loaded for size
(Font)              <14.4> on input line 16.
LaTeX Font Info:    External font `cmex10' loaded for size
(Font)              <7> on input line 16.
<webwxgetmsgimg.jpeg, id=1, 963.6pt x 1284.8pt>
File: webwxgetmsgimg.jpeg Graphic file (type jpg)
<use webwxgetmsgimg.jpeg>
Package pdftex.def Info: webwxgetmsgimg.jpeg  used on input line 20.
(pdftex.def)             Requested size: 75.28107pt x 100.37537pt.
LaTeX Font Info:    Try loading font information for OMS+cmr on input line 26.

(/usr/local/texlive/2018/texmf-dist/tex/latex/base/omscmr.fd
File: omscmr.fd 2014/09/29 v2.5h Standard LaTeX font definitions
)
LaTeX Font Info:    Font shape `OMS/cmr/m/n' in size <12> not available
(Font)              Font shape `OMS/cmsy/m/n' tried instead on input line 26.
 [1

{/usr/local/texlive/2018/texmf-var/fonts/map/pdftex/updmap/pdftex.map} <./webwx
getmsgimg.jpeg>]
Overfull \hbox (1.57672pt too wide) in paragraph at lines 76--77
[]\OT1/cmr/m/n/12 PHP7.0\C70/gbsn/m/n/12/53 G \C70/gbsn/m/n/12/7e § \C70/gbsn/m
/n/12/ff ^^L \C70/gbsn/m/n/12/89 ã \C70/gbsn/m/n/12/51 ³\OT1/cmr/m/n/12 excepti
on mes-sage\C70/gbsn/m/n/12/4e ^^M \C70/gbsn/m/n/12/51 | \C70/gbsn/m/n/12/5b ¹ 
\C70/gbsn/m/n/12/ff ^^L \C70/gbsn/m/n/12/75 (\OT1/cmr/m/n/12 openssl\C70/gbsn/m
/n/12/66 ÿ \C70/gbsn/m/n/12/63 b\OT1/cmr/m/n/12 mcrypt\C70/gbsn/m/n/12/7b I
 []

[2] [3]
Overfull \hbox (34.3444pt too wide) in paragraph at lines 112--113
[]\OT1/cmr/m/n/12 Nginx\C70/gbsn/m/n/12/70 p \C70/gbsn/m/n/12/5e ¦ \C70/gbsn/m/
n/12/6a ! \C70/gbsn/m/n/12/57 W\OT1/cmr/m/n/12 : https://github.com/luoxiaojun1
992/nginx[]http[]gray[]module 
 []

[4] (./resume_chinese.aux) ) 
Here is how much of TeX's memory you used:
 2989 strings out of 492649
 42170 string characters out of 6129622
 108821 words of memory out of 5000000
 6752 multiletter control sequences out of 15000+600000
 35569 words of font info for 127 fonts, out of 8000000 for 9000
 1141 hyphenation exceptions out of 8191
 41i,6n,28p,281b,358s stack positions out of 5000i,500n,10000p,200000b,80000s
</usr/local/texlive/2018/texmf-dist/fonts/type1/pub
lic/amsfonts/cm/cmbx12.pfb></usr/local/texlive/2018/texmf-dist/fonts/type1/publ
ic/amsfonts/cm/cmr12.pfb></usr/local/texlive/2018/texmf-dist/fonts/type1/public
/amsfonts/cm/cmsy10.pfb></usr/local/texlive/2018/texmf-dist/fonts/type1/arphic/
gbsnu/gbsnu30.pfb></usr/local/texlive/2018/texmf-dist/fonts/type1/arphic/gbsnu/
gbsnu4e.pfb></usr/local/texlive/2018/texmf-dist/fonts/type1/arphic/gbsnu/gbsnu4
f.pfb></usr/local/texlive/2018/texmf-dist/fonts/type1/arphic/gbsnu/gbsnu51.pfb>
</usr/local/texlive/2018/texmf-dist/fonts/type1/arphic/gbsnu/gbsnu52.pfb></usr/
local/texlive/2018/texmf-dist/fonts/type1/arphic/gbsnu/gbsnu53.pfb></usr/local/
texlive/2018/texmf-dist/fonts/type1/arphic/gbsnu/gbsnu54.pfb></usr/local/texliv
e/2018/texmf-dist/fonts/type1/arphic/gbsnu/gbsnu55.pfb></usr/local/texlive/2018
/texmf-dist/fonts/type1/arphic/gbsnu/gbsnu56.pfb></usr/local/texlive/2018/texmf
-dist/fonts/type1/arphic/gbsnu/gbsnu57.pfb></usr/local/texlive/2018/texmf-dist/
fonts/type1/arphic/gbsnu/gbsnu58.pfb></usr/local/texlive/2018/texmf-dist/fonts/
type1/arphic/gbsnu/gbsnu59.pfb></usr/local/texlive/2018/texmf-dist/fonts/type1/
arphic/gbsnu/gbsnu5b.pfb></usr/local/texlive/2018/texmf-dist/fonts/type1/arphic
/gbsnu/gbsnu5c.pfb></usr/local/texlive/2018/texmf-dist/fonts/type1/arphic/gbsnu
/gbsnu5d.pfb></usr/local/texlive/2018/texmf-dist/fonts/type1/arphic/gbsnu/gbsnu
5e.pfb></usr/local/texlive/2018/texmf-dist/fonts/type1/arphic/gbsnu/gbsnu5f.pfb
></usr/local/texlive/2018/texmf-dist/fonts/type1/arphic/gbsnu/gbsnu60.pfb></usr
/local/texlive/2018/texmf-dist/fonts/type1/arphic/gbsnu/gbsnu62.pfb></usr/local
/texlive/2018/texmf-dist/fonts/type1/arphic/gbsnu/gbsnu63.pfb></usr/local/texli
ve/2018/texmf-dist/fonts/type1/arphic/gbsnu/gbsnu64.pfb></usr/local/texlive/201
8/texmf-dist/fonts/type1/arphic/gbsnu/gbsnu65.pfb></usr/local/texlive/2018/texm
f-dist/fonts/type1/arphic/gbsnu/gbsnu66.pfb></usr/local/texlive/2018/texmf-dist
/fonts/type1/arphic/gbsnu/gbsnu67.pfb></usr/local/texlive/2018/texmf-dist/fonts
/type1/arphic/gbsnu/gbsnu68.pfb></usr/local/texlive/2018/texmf-dist/fonts/type1
/arphic/gbsnu/gbsnu6a.pfb></usr/local/texlive/2018/texmf-dist/fonts/type1/arphi
c/gbsnu/gbsnu6b.pfb></usr/local/texlive/2018/texmf-dist/fonts/type1/arphic/gbsn
u/gbsnu6c.pfb></usr/local/texlive/2018/texmf-dist/fonts/type1/arphic/gbsnu/gbsn
u6d.pfb></usr/local/texlive/2018/texmf-dist/fonts/type1/arphic/gbsnu/gbsnu6e.pf
b></usr/local/texlive/2018/texmf-dist/fonts/type1/arphic/gbsnu/gbsnu6f.pfb></us
r/local/texlive/2018/texmf-dist/fonts/type1/arphic/gbsnu/gbsnu70.pfb></usr/loca
l/texlive/2018/texmf-dist/fonts/type1/arphic/gbsnu/gbsnu71.pfb></usr/local/texl
ive/2018/texmf-dist/fonts/type1/arphic/gbsnu/gbsnu72.pfb></usr/local/texlive/20
18/texmf-dist/fonts/type1/arphic/gbsnu/gbsnu73.pfb></usr/local/texlive/2018/tex
mf-dist/fonts/type1/arphic/gbsnu/gbsnu74.pfb></usr/local/texlive/2018/texmf-dis
t/fonts/type1/arphic/gbsnu/gbsnu75.pfb></usr/local/texlive/2018/texmf-dist/font
s/type1/arphic/gbsnu/gbsnu76.pfb></usr/local/texlive/2018/texmf-dist/fonts/type
1/arphic/gbsnu/gbsnu77.pfb></usr/local/texlive/2018/texmf-dist/fonts/type1/arph
ic/gbsnu/gbsnu78.pfb></usr/local/texlive/2018/texmf-dist/fonts/type1/arphic/gbs
nu/gbsnu79.pfb></usr/local/texlive/2018/texmf-dist/fonts/type1/arphic/gbsnu/gbs
nu7a.pfb></usr/local/texlive/2018/texmf-dist/fonts/type1/arphic/gbsnu/gbsnu7b.p
fb></usr/local/texlive/2018/texmf-dist/fonts/type1/arphic/gbsnu/gbsnu7c.pfb></u
sr/local/texlive/2018/texmf-dist/fonts/type1/arphic/gbsnu/gbsnu7e.pfb></usr/loc
al/texlive/2018/texmf-dist/fonts/type1/arphic/gbsnu/gbsnu7f.pfb></usr/local/tex
live/2018/texmf-dist/fonts/type1/arphic/gbsnu/gbsnu80.pfb></usr/local/texlive/2
018/texmf-dist/fonts/type1/arphic/gbsnu/gbsnu81.pfb></usr/local/texlive/2018/te
xmf-dist/fonts/type1/arphic/gbsnu/gbsnu82.pfb></usr/local/texlive/2018/texmf-di
st/fonts/type1/arphic/gbsnu/gbsnu83.pfb></usr/local/texlive/2018/texmf-dist/fon
ts/type1/arphic/gbsnu/gbsnu84.pfb></usr/local/texlive/2018/texmf-dist/fonts/typ
e1/arphic/gbsnu/gbsnu86.pfb></usr/local/texlive/2018/texmf-dist/fonts/type1/arp
hic/gbsnu/gbsnu87.pfb></usr/local/texlive/2018/texmf-dist/fonts/type1/arphic/gb
snu/gbsnu88.pfb></usr/local/texlive/2018/texmf-dist/fonts/type1/arphic/gbsnu/gb
snu89.pfb></usr/local/texlive/2018/texmf-dist/fonts/type1/arphic/gbsnu/gbsnu8a.
pfb></usr/local/texlive/2018/texmf-dist/fonts/type1/arphic/gbsnu/gbsnu8b.pfb></
usr/local/texlive/2018/texmf-dist/fonts/type1/arphic/gbsnu/gbsnu8c.pfb></usr/lo
cal/texlive/2018/texmf-dist/fonts/type1/arphic/gbsnu/gbsnu8d.pfb></usr/local/te
xlive/2018/texmf-dist/fonts/type1/arphic/gbsnu/gbsnu8f.pfb></usr/local/texlive/
2018/texmf-dist/fonts/type1/arphic/gbsnu/gbsnu90.pfb></usr/local/texlive/2018/t
exmf-dist/fonts/type1/arphic/gbsnu/gbsnu91.pfb></usr/local/texlive/2018/texmf-d
ist/fonts/type1/arphic/gbsnu/gbsnu94.pfb></usr/local/texlive/2018/texmf-dist/fo
nts/type1/arphic/gbsnu/gbsnu95.pfb></usr/local/texlive/2018/texmf-dist/fonts/ty
pe1/arphic/gbsnu/gbsnu96.pfb></usr/local/texlive/2018/texmf-dist/fonts/type1/ar
phic/gbsnu/gbsnu97.pfb></usr/local/texlive/2018/texmf-dist/fonts/type1/arphic/g
bsnu/gbsnu98.pfb></usr/local/texlive/2018/texmf-dist/fonts/type1/arphic/gbsnu/g
bsnu9a.pfb></usr/local/texlive/2018/texmf-dist/fonts/type1/arphic/gbsnu/gbsnuff
.pfb>
Output written on resume_chinese.pdf (4 pages, 419176 bytes).
PDF statistics:
 308 PDF objects out of 1000 (max. 8388607)
 226 compressed objects within 3 object streams
 0 named destinations out of 1000 (max. 500000)
 6 words of extra memory for PDF output out of 10000 (max. 10000000)

